<?xml version="1.0" encoding="UTF-8"?>
<!-- Generated by org.testng.reporters.JUnitReportReporter -->
<testsuite name="apachePoi.LatestPoiCode" tests="1" time="0.978" ignored="1" failures="0" timestamp="29 May 2021 03:46:43 GMT" skipped="0" hostname="Kalyani" errors="0">
  <testcase name="getDatalatest" time="0.978" classname="apachePoi.LatestPoiCode"/>
  <testcase name="getData" classname="apachePoi.LatestPoiCode">
    <skipped/>
  </testcase> <!-- getData -->
</testsuite> <!-- apachePoi.LatestPoiCode -->
