<?xml version="1.0" encoding="UTF-8"?>
<!-- Generated by org.testng.reporters.JUnitReportReporter -->
<testsuite name="apachePoi.Latest" tests="1" time="0.695" ignored="0" failures="0" timestamp="14 May 2021 03:36:22 GMT" skipped="0" hostname="Kalyani" errors="0">
  <testcase name="getData" time="0.695" classname="apachePoi.Latest"/>
</testsuite> <!-- apachePoi.Latest -->
