<?xml version="1.0" encoding="UTF-8"?>
<!-- Generated by org.testng.reporters.JUnitReportReporter -->
<testsuite name="window.NewWindow" tests="1" time="0.133" ignored="1" failures="0" timestamp="29 May 2021 03:34:56 GMT" skipped="0" hostname="Kalyani" errors="0">
  <testcase name="iterateArralist" time="0.133" classname="window.NewWindow"/>
  <testcase name="flipkart" classname="window.NewWindow">
    <skipped/>
  </testcase> <!-- flipkart -->
</testsuite> <!-- window.NewWindow -->
