<?xml version="1.0" encoding="UTF-8"?>
<!-- Generated by org.testng.reporters.JUnitReportReporter -->
<testsuite name="extentReportTakeScreenshot.LoginTest" tests="1" time="4.165" ignored="0" failures="0" timestamp="29 May 2021 02:31:32 GMT" skipped="0" hostname="Kalyani" errors="0">
  <testcase name="test01" time="4.165" classname="extentReportTakeScreenshot.LoginTest"/>
</testsuite> <!-- extentReportTakeScreenshot.LoginTest -->
