<?xml version="1.0" encoding="UTF-8"?>
<!-- Generated by org.testng.reporters.JUnitReportReporter -->
<testsuite name="apachePoi.AddUser" tests="1" time="7.370" ignored="0" failures="0" timestamp="14 May 2021 03:40:53 GMT" skipped="0" hostname="Kalyani" errors="0">
  <testcase name="addUserWithMultipleEntry" time="7.370" classname="apachePoi.AddUser"/>
</testsuite> <!-- apachePoi.AddUser -->
