<?xml version="1.0" encoding="UTF-8"?>
<!-- Generated by org.testng.reporters.JUnitReportReporter -->
<testsuite name="apachePoi.UserTable" tests="2" time="8.328" ignored="0" failures="0" timestamp="14 May 2021 13:39:20 GMT" skipped="0" hostname="Kalyani" errors="0">
  <testcase name="testUser" time="3.608" classname="apachePoi.UserTable"/>
  <testcase name="ApachePoitestUUserComplete" time="4.720" classname="apachePoi.UserTable"/>
</testsuite> <!-- apachePoi.UserTable -->
