<?xml version="1.0" encoding="UTF-8"?>
<!-- Generated by org.testng.reporters.JUnitReportReporter -->
<testsuite name="apachePoi.User" tests="1" time="4.869" ignored="2" failures="0" timestamp="14 May 2021 13:37:36 GMT" skipped="0" hostname="Kalyani" errors="0">
  <testcase name="testUser" time="4.869" classname="apachePoi.User"/>
  <testcase name="test02User" classname="apachePoi.User">
    <skipped/>
  </testcase> <!-- test02User -->
  <testcase name="ApachePoitestUUserComplete" classname="apachePoi.User">
    <skipped/>
  </testcase> <!-- ApachePoitestUUserComplete -->
</testsuite> <!-- apachePoi.User -->
